<?xml version="1.0" encoding="UTF-8"?>
<!-- Generated by org.testng.reporters.JUnitReportReporter -->
<testsuite skipped="0" hostname="DESKTOP-O0V8JPK" name="nvkidsframework.testcases.CreatePageTestcase" tests="2" failures="0" timestamp="24 Feb 2020 21:29:19 GMT" time="38.817" errors="0">
  <testcase name="createLeaf_SalesManager" time="21.148" classname="nvkidsframework.testcases.CreatePageTestcase"/>
  <testcase name="createLeaf_DemoCSR" time="17.669" classname="nvkidsframework.testcases.CreatePageTestcase"/>
</testsuite> <!-- nvkidsframework.testcases.CreatePageTestcase -->
