<?xml version="1.0" encoding="UTF-8"?>
<!-- Generated by org.testng.reporters.JUnitReportReporter -->
<testsuite skipped="0" hostname="DESKTOP-O0V8JPK" name="nvkidsframework.testcases.CreatePageTestCaseAgain" tests="2" failures="0" timestamp="24 Feb 2020 21:29:19 GMT" time="37.278" errors="0">
  <testcase name="createLeaf_DemoCSR" time="20.370" classname="nvkidsframework.testcases.CreatePageTestCaseAgain"/>
  <testcase name="createLeaf_SalesManager" time="16.908" classname="nvkidsframework.testcases.CreatePageTestCaseAgain"/>
</testsuite> <!-- nvkidsframework.testcases.CreatePageTestCaseAgain -->
